Downloading index: library_index.tar.bz2 0 B / 3.35 MiB    0.00%Downloading index: library_index.tar.bz2 downloaded
Downloading index: package_index.tar.bz2 0 B / 80.54 KiB    0.00%Downloading index: package_index.tar.bz2 downloaded
Downloading missing tool builtin:ctags@5.8-arduino11...
builtin:ctags@5.8-arduino11 0 B / 113.73 KiB    0.00%builtin:ctags@5.8-arduino11 downloaded
Installing builtin:ctags@5.8-arduino11...
Skipping tool configuration....
builtin:ctags@5.8-arduino11 installed
Downloading missing tool builtin:dfu-discovery@0.1.2...
builtin:dfu-discovery@0.1.2 0 B / 2.18 MiB    0.00%builtin:dfu-discovery@0.1.2 downloaded
Installing builtin:dfu-discovery@0.1.2...
Skipping tool configuration....
builtin:dfu-discovery@0.1.2 installed
Downloading missing tool builtin:mdns-discovery@1.0.9...
builtin:mdns-discovery@1.0.9 0 B / 2.51 MiB    0.00%builtin:mdns-discovery@1.0.9 downloaded
Installing builtin:mdns-discovery@1.0.9...
Skipping tool configuration....
builtin:mdns-discovery@1.0.9 installed
Downloading missing tool builtin:serial-discovery@1.4.1...
builtin:serial-discovery@1.4.1 0 B / 1.84 MiB    0.00%builtin:serial-discovery@1.4.1 downloaded
Installing builtin:serial-discovery@1.4.1...
Skipping tool configuration....
builtin:serial-discovery@1.4.1 installed
Downloading missing tool builtin:serial-monitor@0.15.0...
builtin:serial-monitor@0.15.0 0 B / 2.45 MiB    0.00%builtin:serial-monitor@0.15.0 downloaded
Installing builtin:serial-monitor@0.15.0...
Skipping tool configuration....
builtin:serial-monitor@0.15.0 installed
